[12Apr2025 00:01:14.834] [Server thread/INFO] [net.minecraft.server.MinecraftServer/]: Pepito has made the advancement [Sea? Not a Problem]
[12Apr2025 00:02:08.111] [Server thread/INFO] [net.minecraft.server.MinecraftServer/]: Pepito has made the advancement [Voluntary Exile]
[12Apr2025 00:07:24.201] [Server thread/INFO] [net.minecraft.server.MinecraftServer/]: pepegrillo has made the advancement [Getting an Upgrade]
[12Apr2025 00:11:20.144] [Server thread/INFO] [net.minecraft.world.entity.npc.Villager/]: Villager VillagerEntityMCA['Gerdina'/5697, l='ServerLevel[world]', x=-1328.68, y=68.00, z=-112.28] died, message: 'Gerdina was slain by Zombie Lumberjack'
[12Apr2025 00:11:20.144] [Server thread/INFO] [net.minecraft.world.entity.LivingEntity/]: Named entity VillagerEntityMCA['Gerdina'/5697, l='ServerLevel[world]', x=-1328.68, y=68.00, z=-112.28] died: Gerdina was slain by Zombie Lumberjack
[12Apr2025 00:13:58.534] [Server thread/INFO] [com.lgow.endofherobrine.entity.herobrine.AbstractHerobrine/]: LURKER spawned at BlockPos{x=-1252, y=76, z=-30}
[12Apr2025 00:23:30.584] [Server thread/INFO] [com.lgow.endofherobrine.entity.herobrine.AbstractHerobrine/]: LURKER spawned at BlockPos{x=-1231, y=69, z=2}
[12Apr2025 00:24:46.998] [Server thread/INFO] [net.minecraft.server.MinecraftServer/]: Pepito was slain by Diamond Termite
[12Apr2025 00:29:42.007] [Server thread/INFO] [net.minecraft.server.MinecraftServer/]: Pepito was shot by Skeleton
[12Apr2025 00:31:21.745] [Server thread/INFO] [net.minecraft.server.MinecraftServer/]: pepegrillo was slain by Baby Spider
[12Apr2025 00:31:29.205] [Server thread/INFO] [net.minecraft.server.MinecraftServer/]: Pepito was blown up by Creeper
[12Apr2025 00:32:35.493] [Server thread/INFO] [net.minecraft.server.MinecraftServer/]: pepegrillo was slain by Nightmare Stalker
[12Apr2025 00:32:44.947] [Server thread/INFO] [net.minecraft.server.network.ServerGamePacketListenerImpl/]: pepegrillo lost connection: Disconnected
[12Apr2025 00:32:44.948] [Server thread/INFO] [net.minecraft.server.MinecraftServer/]: pepegrillo left the game
[12Apr2025 00:36:11.584] [Server thread/INFO] [com.lgow.endofherobrine.entity.herobrine.AbstractHerobrine/]: LURKER spawned at BlockPos{x=-1261, y=65, z=48}
[12Apr2025 00:45:41.634] [Server thread/INFO] [com.lgow.endofherobrine.entity.herobrine.AbstractHerobrine/]: LURKER spawned at BlockPos{x=-1170, y=66, z=13}
[12Apr2025 00:50:02.898] [Server thread/INFO] [net.minecraft.server.MinecraftServer/]: Pepito has made the advancement [The Power of the Abyss in the Palm of My Hand...]
[12Apr2025 00:52:07.299] [Server thread/INFO] [net.minecraft.server.network.ServerGamePacketListenerImpl/]: Pepito lost connection: Disconnected
[12Apr2025 00:52:07.299] [Server thread/INFO] [net.minecraft.server.MinecraftServer/]: Pepito left the game
[12Apr2025 00:52:17.589] [Server thread/INFO] [net.minecraft.server.MinecraftServer/]: Stopping the server
[12Apr2025 00:52:17.637] [Server thread/INFO] [net.minecraft.server.MinecraftServer/]: Stopping server
[12Apr2025 00:52:17.638] [Server thread/INFO] [net.minecraft.server.MinecraftServer/]: Saving players
[12Apr2025 00:52:17.638] [Server thread/INFO] [net.minecraft.server.MinecraftServer/]: Saving worlds
[12Apr2025 00:52:17.650] [Physics thread/INFO] [Burger Factory/]: Deleting VSPhysicsPipelineStage resources!
[12Apr2025 00:52:17.655] [Physics thread/WARN] [org.valkyrienskies.core.impl.shadow.Ap/]: Physics pipeline ending
[12Apr2025 00:52:17.724] [DefaultDispatcher-worker-3/INFO] [Burger Factory/]: VSPhysicsPipelineStage is fully deleted!
[12Apr2025 00:52:18.085] [Server thread/INFO] [net.minecraft.server.MinecraftServer/]: Saving chunks for level 'ServerLevel[world]'/minecraft:overworld
[12Apr2025 00:52:19.077] [Server thread/INFO] [net.minecraft.server.MinecraftServer/]: Saving chunks for level 'ServerLevel[world]'/unearthed_journey:pleistocene
[12Apr2025 00:52:19.079] [Server thread/INFO] [net.minecraft.server.MinecraftServer/]: Saving chunks for level 'ServerLevel[world]'/minecraft:the_end
[12Apr2025 00:52:19.080] [Server thread/INFO] [net.minecraft.server.MinecraftServer/]: Saving chunks for level 'ServerLevel[world]'/minecraft:the_nether
[12Apr2025 00:52:19.081] [Server thread/INFO] [net.minecraft.server.MinecraftServer/]: Saving chunks for level 'ServerLevel[world]'/unearthed_journey:neogene
[12Apr2025 00:52:19.081] [Server thread/INFO] [net.minecraft.server.MinecraftServer/]: Saving chunks for level 'ServerLevel[world]'/world:worldtest_1
[12Apr2025 00:52:19.082] [Server thread/INFO] [net.minecraft.server.MinecraftServer/]: Saving chunks for level 'ServerLevel[world]'/unearthed_journey:paleogene
[12Apr2025 00:52:19.083] [Server thread/INFO] [net.minecraft.server.MinecraftServer/]: Saving chunks for level 'ServerLevel[world]'/graveyard:past
[12Apr2025 00:52:19.083] [Server thread/INFO] [net.minecraft.server.MinecraftServer/]: Saving chunks for level 'ServerLevel[world]'/world:madnessdimension
[12Apr2025 00:52:19.084] [Server thread/INFO] [net.minecraft.server.MinecraftServer/]: Saving chunks for level 'ServerLevel[world]'/the_bumblezone:the_bumblezone
[12Apr2025 00:52:19.288] [Server thread/INFO] [net.minecraft.server.MinecraftServer/]: ThreadedAnvilChunkStorage (world): All chunks are saved
[12Apr2025 00:52:19.288] [Server thread/INFO] [net.minecraft.server.MinecraftServer/]: ThreadedAnvilChunkStorage (pleistocene): All chunks are saved
[12Apr2025 00:52:19.288] [Server thread/INFO] [net.minecraft.server.MinecraftServer/]: ThreadedAnvilChunkStorage (DIM1): All chunks are saved
[12Apr2025 00:52:19.288] [Server thread/INFO] [net.minecraft.server.MinecraftServer/]: ThreadedAnvilChunkStorage (DIM-1): All chunks are saved
[12Apr2025 00:52:19.288] [Server thread/INFO] [net.minecraft.server.MinecraftServer/]: ThreadedAnvilChunkStorage (neogene): All chunks are saved
[12Apr2025 00:52:19.288] [Server thread/INFO] [net.minecraft.server.MinecraftServer/]: ThreadedAnvilChunkStorage (worldtest_1): All chunks are saved
[12Apr2025 00:52:19.289] [Server thread/INFO] [net.minecraft.server.MinecraftServer/]: ThreadedAnvilChunkStorage (paleogene): All chunks are saved
[12Apr2025 00:52:19.289] [Server thread/INFO] [net.minecraft.server.MinecraftServer/]: ThreadedAnvilChunkStorage (past): All chunks are saved
[12Apr2025 00:52:19.289] [Server thread/INFO] [net.minecraft.server.MinecraftServer/]: ThreadedAnvilChunkStorage (madnessdimension): All chunks are saved
[12Apr2025 00:52:19.289] [Server thread/INFO] [net.minecraft.server.MinecraftServer/]: ThreadedAnvilChunkStorage (the_bumblezone): All chunks are saved
[12Apr2025 00:52:19.289] [Server thread/INFO] [net.minecraft.server.MinecraftServer/]: ThreadedAnvilChunkStorage: All dimensions are saved
[12Apr2025 00:52:19.325] [Server thread/INFO] [Framework/]: Unloading server configs...
[12Apr2025 00:52:19.327] [Server thread/INFO] [Framework/]: Sending config unload event for goblintraders-entities.toml
[12Apr2025 00:52:19.329] [Server thread/INFO] [Framework/]: Finished unloading server configs
[12Apr2025 00:52:19.332] [Server thread/INFO] [journeymap/]: Loading JourneyMap Forge Configs
